c:\users\every\downloads\c++ project\jtl\json++\debug\json++.pch
c:\users\every\downloads\c++ project\jtl\json++\debug\json++.pdb
c:\users\every\downloads\c++ project\jtl\json++\debug\json++.idb
c:\users\every\downloads\c++ project\jtl\json++\debug\stdafx.obj
c:\users\every\downloads\c++ project\jtl\json++\debug\array_type_descriptor.obj
c:\users\every\downloads\c++ project\jtl\json++\debug\class_descriptor.obj
c:\users\every\downloads\c++ project\jtl\json++\debug\json.obj
c:\users\every\downloads\c++ project\jtl\json++\debug\json_lexer.obj
c:\users\every\downloads\c++ project\jtl\json++\debug\json_reader.obj
c:\users\every\downloads\c++ project\jtl\json++\debug\json_writer.obj
c:\users\every\downloads\c++ project\jtl\json++\debug\map_type_descriptor.obj
c:\users\every\downloads\c++ project\jtl\json++\debug\vector_type_descriptor.obj
c:\users\every\downloads\c++ project\jtl\debug\json++.lib
c:\users\every\downloads\c++ project\jtl\debug\json++.pdb
c:\users\every\downloads\c++ project\jtl\json++\debug\json++.tlog\cl.command.1.tlog
c:\users\every\downloads\c++ project\jtl\json++\debug\json++.tlog\cl.read.1.tlog
c:\users\every\downloads\c++ project\jtl\json++\debug\json++.tlog\cl.write.1.tlog
c:\users\every\downloads\c++ project\jtl\json++\debug\json++.tlog\lib-link.read.1.tlog
c:\users\every\downloads\c++ project\jtl\json++\debug\json++.tlog\lib-link.write.1.tlog
c:\users\every\downloads\c++ project\jtl\json++\debug\json++.tlog\lib.command.1.tlog
